2023-10-11_12-15-57 [restartedMain] INFO  c.c.a.AuthorizatiionMicroserviceApplication - Starting AuthorizatiionMicroserviceApplication using Java 19.0.2 on LTIN433256 with PID 18004 (C:\Users\2173678\Downloads\PAS_MFPE_Project\PAS_MFPE_Project\PAS_MFPE_Project\Authorizatiion-Microservice\target\classes started by 2173678 in C:\Users\2173678\Downloads\PAS_MFPE_Project\PAS_MFPE_Project\PAS_MFPE_Project\Authorizatiion-Microservice)
2023-10-11_12-15-57 [restartedMain] INFO  c.c.a.AuthorizatiionMicroserviceApplication - No active profile set, falling back to default profiles: default
2023-10-11_12-15-57 [restartedMain] INFO  o.s.b.d.e.DevToolsPropertyDefaultsPostProcessor - Devtools property defaults active! Set 'spring.devtools.add-properties' to 'false' to disable
2023-10-11_12-15-57 [restartedMain] INFO  o.s.b.d.e.DevToolsPropertyDefaultsPostProcessor - For additional web related logging consider setting the 'logging.level.web' property to 'DEBUG'
2023-10-11_12-15-57 [restartedMain] INFO  o.s.d.r.c.RepositoryConfigurationDelegate - Bootstrapping Spring Data JPA repositories in DEFAULT mode.
2023-10-11_12-15-57 [restartedMain] INFO  o.s.d.r.c.RepositoryConfigurationDelegate - Finished Spring Data repository scanning in 52 ms. Found 1 JPA repository interfaces.
2023-10-11_12-15-57 [restartedMain] INFO  o.s.cloud.context.scope.GenericScope - BeanFactory id=a9379344-1410-322d-92ae-f70e0aaaca86
2023-10-11_12-15-57 [restartedMain] INFO  o.s.b.w.e.tomcat.TomcatWebServer - Tomcat initialized with port(s): 8081 (http)
2023-10-11_12-15-57 [restartedMain] INFO  o.a.coyote.http11.Http11NioProtocol - Initializing ProtocolHandler ["http-nio-8081"]
2023-10-11_12-15-57 [restartedMain] INFO  o.a.catalina.core.StandardService - Starting service [Tomcat]
2023-10-11_12-15-57 [restartedMain] INFO  o.a.catalina.core.StandardEngine - Starting Servlet engine: [Apache Tomcat/9.0.41]
2023-10-11_12-15-57 [restartedMain] INFO  o.a.c.c.C.[.[.[/authorization-service] - Initializing Spring embedded WebApplicationContext
2023-10-11_12-15-57 [restartedMain] INFO  o.s.b.w.s.c.ServletWebServerApplicationContext - Root WebApplicationContext: initialization completed in 2236 ms
2023-10-11_12-15-57 [restartedMain] INFO  com.zaxxer.hikari.HikariDataSource - HikariPool-1 - Starting...
2023-10-11_12-15-57 [restartedMain] INFO  com.zaxxer.hikari.HikariDataSource - HikariPool-1 - Start completed.
2023-10-11_12-15-57 [restartedMain] INFO  o.s.b.a.h.H2ConsoleAutoConfiguration - H2 console available at '/db'. Database available at 'jdbc:h2:mem:testdb'
2023-10-11_12-15-57 [restartedMain] INFO  o.h.jpa.internal.util.LogHelper - HHH000204: Processing PersistenceUnitInfo [name: default]
2023-10-11_12-15-57 [restartedMain] INFO  org.hibernate.Version - HHH000412: Hibernate ORM core version 5.4.27.Final
2023-10-11_12-15-57 [restartedMain] INFO  o.h.annotations.common.Version - HCANN000001: Hibernate Commons Annotations {5.1.2.Final}
2023-10-11_12-15-57 [restartedMain] INFO  org.hibernate.dialect.Dialect - HHH000400: Using dialect: org.hibernate.dialect.H2Dialect
2023-10-11_12-15-57 [restartedMain] INFO  o.h.e.t.j.p.i.JtaPlatformInitiator - HHH000490: Using JtaPlatform implementation: [org.hibernate.engine.transaction.jta.platform.internal.NoJtaPlatform]
2023-10-11_12-15-57 [restartedMain] INFO  o.s.o.j.LocalContainerEntityManagerFactoryBean - Initialized JPA EntityManagerFactory for persistence unit 'default'
2023-10-11_12-15-57 [restartedMain] INFO  o.s.b.d.a.OptionalLiveReloadServer - LiveReload server is running on port 35729
2023-10-11_12-15-57 [restartedMain] INFO  o.s.s.web.DefaultSecurityFilterChain - Will secure any request with [org.springframework.security.web.context.request.async.WebAsyncManagerIntegrationFilter@3b9031d8, org.springframework.security.web.context.SecurityContextPersistenceFilter@5608c41d, org.springframework.security.web.header.HeaderWriterFilter@4251df6b, org.springframework.security.web.authentication.logout.LogoutFilter@38d416f9, com.cts.authorization.config.JwtRequestFilter@406642e8, org.springframework.security.web.savedrequest.RequestCacheAwareFilter@2816759e, org.springframework.security.web.servletapi.SecurityContextHolderAwareRequestFilter@36227251, org.springframework.security.web.authentication.AnonymousAuthenticationFilter@69dea8b6, org.springframework.security.web.session.SessionManagementFilter@4f548510, org.springframework.security.web.access.ExceptionTranslationFilter@1ad09c9d, org.springframework.security.web.access.intercept.FilterSecurityInterceptor@53d8d846]
2023-10-11_12-15-57 [restartedMain] INFO  o.s.s.c.ThreadPoolTaskExecutor - Initializing ExecutorService 'applicationTaskExecutor'
2023-10-11_12-15-57 [restartedMain] INFO  o.a.coyote.http11.Http11NioProtocol - Starting ProtocolHandler ["http-nio-8081"]
2023-10-11_12-15-57 [restartedMain] INFO  o.s.b.w.e.tomcat.TomcatWebServer - Tomcat started on port(s): 8081 (http) with context path '/authorization-service'
2023-10-11_12-15-57 [restartedMain] INFO  c.c.a.AuthorizatiionMicroserviceApplication - Started AuthorizatiionMicroserviceApplication in 6.371 seconds (JVM running for 7.138)
2023-10-11_12-15-57 [Thread-6] INFO  o.s.s.c.ThreadPoolTaskExecutor - Shutting down ExecutorService 'applicationTaskExecutor'
2023-10-11_12-15-57 [Thread-6] INFO  o.s.o.j.LocalContainerEntityManagerFactoryBean - Closing JPA EntityManagerFactory for persistence unit 'default'
2023-10-11_12-15-57 [Thread-6] INFO  o.h.t.s.i.SchemaDropperImpl$DelayedDropActionImpl - HHH000477: Starting delayed evictData of schema as part of SessionFactory shut-down'
2023-10-11_12-15-57 [Thread-6] INFO  com.zaxxer.hikari.HikariDataSource - HikariPool-1 - Shutdown initiated...
2023-10-11_12-15-57 [Thread-6] INFO  com.zaxxer.hikari.HikariDataSource - HikariPool-1 - Shutdown completed.
2023-10-11_12-20-07 [restartedMain] INFO  c.c.a.AuthorizatiionMicroserviceApplication - Starting AuthorizatiionMicroserviceApplication using Java 19.0.2 on LTIN433256 with PID 18004 (C:\Users\2173678\Downloads\PAS_MFPE_Project\PAS_MFPE_Project\PAS_MFPE_Project\Authorizatiion-Microservice\target\classes started by 2173678 in C:\Users\2173678\Downloads\PAS_MFPE_Project\PAS_MFPE_Project\PAS_MFPE_Project\Authorizatiion-Microservice)
2023-10-11_12-20-07 [restartedMain] INFO  c.c.a.AuthorizatiionMicroserviceApplication - No active profile set, falling back to default profiles: default
2023-10-11_12-20-07 [restartedMain] INFO  o.s.d.r.c.RepositoryConfigurationDelegate - Bootstrapping Spring Data JPA repositories in DEFAULT mode.
2023-10-11_12-20-07 [restartedMain] INFO  o.s.d.r.c.RepositoryConfigurationDelegate - Finished Spring Data repository scanning in 22 ms. Found 1 JPA repository interfaces.
2023-10-11_12-20-07 [restartedMain] INFO  o.s.cloud.context.scope.GenericScope - BeanFactory id=a9379344-1410-322d-92ae-f70e0aaaca86
2023-10-11_12-20-07 [restartedMain] INFO  o.s.b.w.e.tomcat.TomcatWebServer - Tomcat initialized with port(s): 8081 (http)
2023-10-11_12-20-07 [restartedMain] INFO  o.a.coyote.http11.Http11NioProtocol - Initializing ProtocolHandler ["http-nio-8081"]
2023-10-11_12-20-07 [restartedMain] INFO  o.a.catalina.core.StandardService - Starting service [Tomcat]
2023-10-11_12-20-07 [restartedMain] INFO  o.a.catalina.core.StandardEngine - Starting Servlet engine: [Apache Tomcat/9.0.41]
2023-10-11_12-20-07 [restartedMain] INFO  o.a.c.c.C.[.[.[/authorization-service] - Initializing Spring embedded WebApplicationContext
2023-10-11_12-20-07 [restartedMain] INFO  o.s.b.w.s.c.ServletWebServerApplicationContext - Root WebApplicationContext: initialization completed in 658 ms
2023-10-11_12-20-07 [restartedMain] INFO  com.zaxxer.hikari.HikariDataSource - HikariPool-2 - Starting...
2023-10-11_12-20-07 [restartedMain] INFO  com.zaxxer.hikari.HikariDataSource - HikariPool-2 - Start completed.
2023-10-11_12-20-07 [restartedMain] INFO  o.s.b.a.h.H2ConsoleAutoConfiguration - H2 console available at '/db'. Database available at 'jdbc:h2:mem:testdb'
2023-10-11_12-20-07 [restartedMain] INFO  o.h.jpa.internal.util.LogHelper - HHH000204: Processing PersistenceUnitInfo [name: default]
2023-10-11_12-20-07 [restartedMain] INFO  org.hibernate.dialect.Dialect - HHH000400: Using dialect: org.hibernate.dialect.H2Dialect
2023-10-11_12-20-07 [restartedMain] INFO  o.h.e.t.j.p.i.JtaPlatformInitiator - HHH000490: Using JtaPlatform implementation: [org.hibernate.engine.transaction.jta.platform.internal.NoJtaPlatform]
2023-10-11_12-20-07 [restartedMain] INFO  o.s.o.j.LocalContainerEntityManagerFactoryBean - Initialized JPA EntityManagerFactory for persistence unit 'default'
2023-10-11_12-20-07 [restartedMain] INFO  o.s.b.d.a.OptionalLiveReloadServer - LiveReload server is running on port 35729
2023-10-11_12-20-07 [restartedMain] INFO  o.s.s.web.DefaultSecurityFilterChain - Will secure any request with [org.springframework.security.web.context.request.async.WebAsyncManagerIntegrationFilter@1060479e, org.springframework.security.web.context.SecurityContextPersistenceFilter@3ffc98b3, org.springframework.security.web.header.HeaderWriterFilter@2c4315c8, org.springframework.security.web.authentication.logout.LogoutFilter@147d30b, com.cts.authorization.config.JwtRequestFilter@512f3756, org.springframework.security.web.savedrequest.RequestCacheAwareFilter@5e74ea89, org.springframework.security.web.servletapi.SecurityContextHolderAwareRequestFilter@6a2d49da, org.springframework.security.web.authentication.AnonymousAuthenticationFilter@5ed215f1, org.springframework.security.web.session.SessionManagementFilter@bd77dfe, org.springframework.security.web.access.ExceptionTranslationFilter@1fcfd4d9, org.springframework.security.web.access.intercept.FilterSecurityInterceptor@302a8eb0]
2023-10-11_12-20-07 [restartedMain] INFO  o.s.s.c.ThreadPoolTaskExecutor - Initializing ExecutorService 'applicationTaskExecutor'
2023-10-11_12-20-07 [restartedMain] INFO  o.a.coyote.http11.Http11NioProtocol - Starting ProtocolHandler ["http-nio-8081"]
2023-10-11_12-20-07 [restartedMain] INFO  o.s.b.w.e.tomcat.TomcatWebServer - Tomcat started on port(s): 8081 (http) with context path '/authorization-service'
2023-10-11_12-20-07 [restartedMain] INFO  c.c.a.AuthorizatiionMicroserviceApplication - Started AuthorizatiionMicroserviceApplication in 1.387 seconds (JVM running for 252.276)
2023-10-11_12-20-07 [restartedMain] INFO  o.s.b.d.a.ConditionEvaluationDeltaLoggingListener - Condition evaluation unchanged
2023-10-11_12-20-07 [http-nio-8081-exec-1] INFO  o.a.c.c.C.[.[.[/authorization-service] - Initializing Spring DispatcherServlet 'dispatcherServlet'
2023-10-11_12-20-07 [http-nio-8081-exec-1] INFO  o.s.web.servlet.DispatcherServlet - Initializing Servlet 'dispatcherServlet'
2023-10-11_12-20-07 [http-nio-8081-exec-1] INFO  o.s.web.servlet.DispatcherServlet - Completed initialization in 0 ms
2023-10-11_12-20-07 [http-nio-8081-exec-4] INFO  o.a.coyote.http11.Http11Processor - Error parsing HTTP request header
 Note: further occurrences of HTTP request parsing errors will be logged at DEBUG level.
java.lang.IllegalArgumentException: Invalid character found in method name [0x160x030x030x010xd60x010x000x010xd20x030x030x800xd20xbfskTA0x070xe30x9a;P0xf20x970x97[B0xfc%Y0Eo]@0x060xcbb>0xa70Q0x000x01|0x000x000x000x010x000x020x000x030x000x040x000x050x000x060x000x070x000x080x000x090x000x0a0x000x0b0x000x0c0x000x0d0x000x0e0x000x0f0x000x100x000x110x000x120x000x130x000x140x000x150x000x160x000x170x000x180x000x190x000x1a0x000x1b0x00/0x0000x0010x0020x0030x0040x0050x0060x0070x0080x0090x00:0x00;0x00<0x00=0x00>0x00?0x00@0x00A0x00B0x00C0x00D0x00E0x00F0x00g0x00h0x00i0x00j0x00k0x00l0x00m0x000x840x000x850x000x860x000x870x000x880x000x890x000x960x000x970x000x980x000x990x000x9a0x000x9b0x000x9c0x000x9d0x000x9e0x000x9f0x000xa00x000xa10x000xa20x000xa30x000xa40x000xa50x000xa60x000xa70x000xba0x000xbb0x000xbc0x000xbd0x000xbe0x000xbf0x000xc00x000xc10x000xc20x000xc30x000xc40x000xc50x130x010x130x020x130x030x130x040x130x050xc00x010xc00x020xc00x030xc00x040xc00x050xc00x060xc00x070xc00x080xc00x090xc00x0a0xc00x0b0xc00x0c0xc00x0d0xc00x0e0xc00x0f0xc00x100xc00x110xc00x120xc00x130xc00x140xc00x150xc00x160xc00x170xc00x180xc00x190xc0#0xc0$0xc0%0xc0&0xc0'0xc0(0xc0)0xc0*0xc0+0xc0,0xc0-0xc0.0xc0/0xc000xc010xc020xc0r0xc0s0xc0t0xc0u0xc0v0xc0w0xc0x0xc0y0xc0z0xc0{0xc0|0xc0}0xc0~0xc00x7f0xc00x800xc00x810xc00x820xc00x830xc00x840xc00x850xc00x860xc00x870xc00x880xc00x890xc00x8a0xc00x8b0xc00x8c0xc00x8d0xc00x8e0xc00x8f0xc00x900xc00x910xc00x920xc00x930xc00x940xc00x950xc00x960xc00x970xc00x980xc00x990xc00x9a0xc00x9b0xcc0xa80xcc0xa90xcc0xaa0xcc0xab0xcc0xac0xcc0xad0xcc0xae0x020x000x010x00,0x000x0a0x000x0a0x000x080x000x170x000x190x000x180x000x160x000x0b0x000x040x030x000x010x020x000x0d0x000x120x000x100x040x030x080x040x040x010x050x030x050x010x080x050x080x060x06...]. HTTP method names must be tokens
	at org.apache.coyote.http11.Http11InputBuffer.parseRequestLine(Http11InputBuffer.java:417)
	at org.apache.coyote.http11.Http11Processor.service(Http11Processor.java:261)
	at org.apache.coyote.AbstractProcessorLight.process(AbstractProcessorLight.java:65)
	at org.apache.coyote.AbstractProtocol$ConnectionHandler.process(AbstractProtocol.java:888)
	at org.apache.tomcat.util.net.NioEndpoint$SocketProcessor.doRun(NioEndpoint.java:1597)
	at org.apache.tomcat.util.net.SocketProcessorBase.run(SocketProcessorBase.java:49)
	at java.base/java.util.concurrent.ThreadPoolExecutor.runWorker(ThreadPoolExecutor.java:1144)
	at java.base/java.util.concurrent.ThreadPoolExecutor$Worker.run(ThreadPoolExecutor.java:642)
	at org.apache.tomcat.util.threads.TaskThread$WrappingRunnable.run(TaskThread.java:61)
	at java.base/java.lang.Thread.run(Thread.java:1589)
2023-10-11_12-20-07 [http-nio-8081-exec-8] INFO  c.c.a.service.JwtUserDetailsService - User found
2023-10-11_12-20-07 [http-nio-8081-exec-8] INFO  c.c.a.service.JwtUserDetailsService - user successfully located
2023-10-11_12-20-07 [http-nio-8081-exec-8] INFO  c.c.a.service.JwtUserDetailsService - User found
2023-10-11_12-20-07 [http-nio-8081-exec-8] INFO  c.c.a.service.JwtUserDetailsService - user successfully located
2023-10-11_12-20-07 [http-nio-8081-exec-9] INFO  c.c.a.service.JwtUserDetailsService - User found
2023-10-11_12-20-07 [http-nio-8081-exec-9] INFO  c.c.a.service.JwtUserDetailsService - user successfully located
2023-10-11_12-20-07 [http-nio-8081-exec-10] INFO  c.c.a.service.JwtUserDetailsService - User found
2023-10-11_12-20-07 [http-nio-8081-exec-10] INFO  c.c.a.service.JwtUserDetailsService - user successfully located
2023-10-11_12-20-07 [http-nio-8081-exec-10] INFO  c.c.a.service.JwtUserDetailsService - User found
2023-10-11_12-20-07 [http-nio-8081-exec-10] INFO  c.c.a.service.JwtUserDetailsService - user successfully located
2023-10-11_12-20-07 [http-nio-8081-exec-1] INFO  c.c.a.c.JwtAuthenticationController - Start JwtAuthenticationController
2023-10-11_12-20-07 [http-nio-8081-exec-3] INFO  c.c.a.service.JwtUserDetailsService - User found
2023-10-11_12-20-07 [http-nio-8081-exec-3] INFO  c.c.a.service.JwtUserDetailsService - user successfully located
2023-10-11_12-20-07 [http-nio-8081-exec-3] INFO  c.c.a.c.JwtAuthenticationController - Start JwtAuthenticationController
2023-10-11_12-20-07 [http-nio-8081-exec-3] INFO  c.c.a.c.JwtAuthenticationController -  Token accepted - End JwtAuthenticationController
2023-10-11_12-20-07 [http-nio-8081-exec-5] INFO  c.c.a.service.JwtUserDetailsService - User found
2023-10-11_12-20-07 [http-nio-8081-exec-5] INFO  c.c.a.service.JwtUserDetailsService - user successfully located
2023-10-11_12-20-07 [http-nio-8081-exec-5] INFO  c.c.a.service.JwtUserDetailsService - User found
2023-10-11_12-20-07 [http-nio-8081-exec-5] INFO  c.c.a.service.JwtUserDetailsService - user successfully located
2023-10-11_12-20-07 [http-nio-8081-exec-9] INFO  c.c.a.service.JwtUserDetailsService - User found
2023-10-11_12-20-07 [http-nio-8081-exec-9] INFO  c.c.a.service.JwtUserDetailsService - user successfully located
2023-10-11_12-20-07 [http-nio-8081-exec-9] INFO  c.c.a.c.JwtAuthenticationController - Start JwtAuthenticationController
2023-10-11_12-20-07 [http-nio-8081-exec-9] INFO  c.c.a.c.JwtAuthenticationController -  Token accepted - End JwtAuthenticationController
2023-10-11_12-20-07 [http-nio-8081-exec-8] INFO  c.c.a.service.JwtUserDetailsService - User found
2023-10-11_12-20-07 [http-nio-8081-exec-8] INFO  c.c.a.service.JwtUserDetailsService - user successfully located
2023-10-11_12-20-07 [http-nio-8081-exec-8] INFO  c.c.a.c.JwtAuthenticationController - Start JwtAuthenticationController
2023-10-11_12-20-07 [http-nio-8081-exec-8] INFO  c.c.a.c.JwtAuthenticationController -  Token accepted - End JwtAuthenticationController
2023-10-11_12-20-07 [http-nio-8081-exec-10] INFO  c.c.a.service.JwtUserDetailsService - User found
2023-10-11_12-20-07 [http-nio-8081-exec-10] INFO  c.c.a.service.JwtUserDetailsService - user successfully located
2023-10-11_12-20-07 [http-nio-8081-exec-10] INFO  c.c.a.c.JwtAuthenticationController - Start JwtAuthenticationController
2023-10-11_12-20-07 [http-nio-8081-exec-10] INFO  c.c.a.c.JwtAuthenticationController -  Token accepted - End JwtAuthenticationController
2023-10-11_12-20-07 [http-nio-8081-exec-7] INFO  c.c.a.service.JwtUserDetailsService - User found
2023-10-11_12-20-07 [http-nio-8081-exec-7] INFO  c.c.a.service.JwtUserDetailsService - user successfully located
2023-10-11_12-20-07 [http-nio-8081-exec-7] INFO  c.c.a.c.JwtAuthenticationController - Start JwtAuthenticationController
2023-10-11_12-20-07 [http-nio-8081-exec-7] INFO  c.c.a.c.JwtAuthenticationController -  Token accepted - End JwtAuthenticationController
2023-10-11_12-20-07 [http-nio-8081-exec-4] INFO  c.c.a.service.JwtUserDetailsService - User found
2023-10-11_12-20-07 [http-nio-8081-exec-4] INFO  c.c.a.service.JwtUserDetailsService - user successfully located
2023-10-11_12-20-07 [http-nio-8081-exec-4] INFO  c.c.a.c.JwtAuthenticationController - Start JwtAuthenticationController
2023-10-11_12-20-07 [http-nio-8081-exec-4] INFO  c.c.a.c.JwtAuthenticationController -  Token accepted - End JwtAuthenticationController
