2022-09-13_14-32-43 [http-nio-8081-exec-7] INFO  c.c.a.c.JwtAuthenticationController - Start JwtAuthenticationController
2022-09-13_14-32-43 [http-nio-8081-exec-7] INFO  c.c.a.c.JwtAuthenticationController - Null Token - End JwtAuthenticationController
2022-09-13_14-32-43 [http-nio-8081-exec-9] INFO  c.c.a.service.JwtUserDetailsService - User found
2022-09-13_14-32-43 [http-nio-8081-exec-9] INFO  c.c.a.service.JwtUserDetailsService - user successfully located
2022-09-13_14-32-43 [http-nio-8081-exec-9] INFO  c.c.a.service.JwtUserDetailsService - User found
2022-09-13_14-32-43 [http-nio-8081-exec-9] INFO  c.c.a.service.JwtUserDetailsService - user successfully located
2022-09-13_14-32-43 [http-nio-8081-exec-1] INFO  c.c.a.service.JwtUserDetailsService - User found
2022-09-13_14-32-43 [http-nio-8081-exec-1] INFO  c.c.a.service.JwtUserDetailsService - user successfully located
2022-09-13_14-32-43 [http-nio-8081-exec-1] INFO  c.c.a.c.JwtAuthenticationController - Start JwtAuthenticationController
2022-09-13_14-32-43 [http-nio-8081-exec-1] INFO  c.c.a.c.JwtAuthenticationController -  Token accepted - End JwtAuthenticationController
2022-09-13_14-32-43 [http-nio-8081-exec-4] INFO  c.c.a.service.JwtUserDetailsService - User found
2022-09-13_14-32-43 [http-nio-8081-exec-3] INFO  c.c.a.service.JwtUserDetailsService - User found
2022-09-13_14-32-43 [http-nio-8081-exec-3] INFO  c.c.a.service.JwtUserDetailsService - user successfully located
2022-09-13_14-32-43 [http-nio-8081-exec-4] INFO  c.c.a.service.JwtUserDetailsService - user successfully located
2022-09-13_14-32-43 [http-nio-8081-exec-4] INFO  c.c.a.c.JwtAuthenticationController - Start JwtAuthenticationController
2022-09-13_14-32-43 [http-nio-8081-exec-3] INFO  c.c.a.c.JwtAuthenticationController - Start JwtAuthenticationController
2022-09-13_14-32-43 [http-nio-8081-exec-4] INFO  c.c.a.c.JwtAuthenticationController -  Token accepted - End JwtAuthenticationController
2022-09-13_14-32-43 [http-nio-8081-exec-3] INFO  c.c.a.c.JwtAuthenticationController -  Token accepted - End JwtAuthenticationController
2022-09-13_14-32-43 [http-nio-8081-exec-7] INFO  c.c.a.service.JwtUserDetailsService - User found
2022-09-13_14-32-43 [http-nio-8081-exec-7] INFO  c.c.a.service.JwtUserDetailsService - user successfully located
2022-09-13_14-32-43 [http-nio-8081-exec-7] INFO  c.c.a.c.JwtAuthenticationController - Start JwtAuthenticationController
2022-09-13_14-32-43 [http-nio-8081-exec-7] INFO  c.c.a.c.JwtAuthenticationController -  Token accepted - End JwtAuthenticationController
2022-09-13_14-32-43 [http-nio-8081-exec-9] INFO  c.c.a.service.JwtUserDetailsService - User found
2022-09-13_14-32-43 [http-nio-8081-exec-9] INFO  c.c.a.service.JwtUserDetailsService - user successfully located
2022-09-13_14-32-43 [http-nio-8081-exec-9] INFO  c.c.a.c.JwtAuthenticationController - Start JwtAuthenticationController
2022-09-13_14-32-43 [http-nio-8081-exec-9] INFO  c.c.a.c.JwtAuthenticationController -  Token accepted - End JwtAuthenticationController
2022-09-13_14-32-43 [http-nio-8081-exec-10] INFO  c.c.a.service.JwtUserDetailsService - User found
2022-09-13_14-32-43 [http-nio-8081-exec-10] INFO  c.c.a.service.JwtUserDetailsService - user successfully located
2022-09-13_14-32-43 [http-nio-8081-exec-10] INFO  c.c.a.c.JwtAuthenticationController - Start JwtAuthenticationController
2022-09-13_14-32-43 [http-nio-8081-exec-10] INFO  c.c.a.c.JwtAuthenticationController -  Token accepted - End JwtAuthenticationController
2022-09-13_14-32-43 [http-nio-8081-exec-1] INFO  c.c.a.service.JwtUserDetailsService - User found
2022-09-13_14-32-43 [http-nio-8081-exec-1] INFO  c.c.a.service.JwtUserDetailsService - user successfully located
2022-09-13_14-32-43 [http-nio-8081-exec-1] INFO  c.c.a.c.JwtAuthenticationController - Start JwtAuthenticationController
2022-09-13_14-32-43 [http-nio-8081-exec-1] INFO  c.c.a.c.JwtAuthenticationController -  Token accepted - End JwtAuthenticationController
2022-09-13_14-32-43 [http-nio-8081-exec-2] INFO  c.c.a.service.JwtUserDetailsService - User found
2022-09-13_14-32-43 [http-nio-8081-exec-2] INFO  c.c.a.service.JwtUserDetailsService - user successfully located
2022-09-13_14-32-43 [http-nio-8081-exec-2] INFO  c.c.a.c.JwtAuthenticationController - Start JwtAuthenticationController
2022-09-13_14-32-43 [http-nio-8081-exec-2] INFO  c.c.a.c.JwtAuthenticationController -  Token accepted - End JwtAuthenticationController
2022-09-13_14-32-43 [http-nio-8081-exec-4] INFO  c.c.a.service.JwtUserDetailsService - User found
2022-09-13_14-32-43 [http-nio-8081-exec-4] INFO  c.c.a.service.JwtUserDetailsService - user successfully located
2022-09-13_14-32-43 [http-nio-8081-exec-4] INFO  c.c.a.c.JwtAuthenticationController - Start JwtAuthenticationController
2022-09-13_14-32-43 [http-nio-8081-exec-4] INFO  c.c.a.c.JwtAuthenticationController -  Token accepted - End JwtAuthenticationController
2022-09-13_14-32-43 [http-nio-8081-exec-6] INFO  c.c.a.service.JwtUserDetailsService - User found
2022-09-13_14-32-43 [http-nio-8081-exec-6] INFO  c.c.a.service.JwtUserDetailsService - user successfully located
2022-09-13_14-32-43 [http-nio-8081-exec-6] INFO  c.c.a.c.JwtAuthenticationController - Start JwtAuthenticationController
2022-09-13_14-32-43 [http-nio-8081-exec-6] INFO  c.c.a.c.JwtAuthenticationController -  Token accepted - End JwtAuthenticationController
2022-09-13_14-32-43 [http-nio-8081-exec-7] INFO  c.c.a.service.JwtUserDetailsService - User found
2022-09-13_14-32-43 [http-nio-8081-exec-7] INFO  c.c.a.service.JwtUserDetailsService - user successfully located
2022-09-13_14-32-43 [http-nio-8081-exec-7] INFO  c.c.a.c.JwtAuthenticationController - Start JwtAuthenticationController
2022-09-13_14-32-43 [http-nio-8081-exec-7] INFO  c.c.a.c.JwtAuthenticationController -  Token accepted - End JwtAuthenticationController
2022-09-13_14-32-43 [http-nio-8081-exec-9] INFO  c.c.a.service.JwtUserDetailsService - User found
2022-09-13_14-32-43 [http-nio-8081-exec-9] INFO  c.c.a.service.JwtUserDetailsService - user successfully located
2022-09-13_14-32-43 [http-nio-8081-exec-9] INFO  c.c.a.c.JwtAuthenticationController - Start JwtAuthenticationController
2022-09-13_14-32-43 [http-nio-8081-exec-9] INFO  c.c.a.c.JwtAuthenticationController -  Token accepted - End JwtAuthenticationController
2022-09-13_14-32-43 [http-nio-8081-exec-1] INFO  c.c.a.service.JwtUserDetailsService - User found
2022-09-13_14-32-43 [http-nio-8081-exec-1] INFO  c.c.a.service.JwtUserDetailsService - user successfully located
2022-09-13_14-32-43 [http-nio-8081-exec-1] INFO  c.c.a.c.JwtAuthenticationController - Start JwtAuthenticationController
2022-09-13_14-32-43 [http-nio-8081-exec-1] INFO  c.c.a.c.JwtAuthenticationController -  Token accepted - End JwtAuthenticationController
2022-09-13_14-32-43 [http-nio-8081-exec-2] INFO  c.c.a.service.JwtUserDetailsService - User found
2022-09-13_14-32-43 [http-nio-8081-exec-2] INFO  c.c.a.service.JwtUserDetailsService - user successfully located
2022-09-13_14-32-43 [http-nio-8081-exec-2] INFO  c.c.a.c.JwtAuthenticationController - Start JwtAuthenticationController
2022-09-13_14-32-43 [http-nio-8081-exec-2] INFO  c.c.a.c.JwtAuthenticationController -  Token accepted - End JwtAuthenticationController
2022-09-13_14-32-43 [http-nio-8081-exec-4] INFO  c.c.a.service.JwtUserDetailsService - User found
2022-09-13_14-32-43 [http-nio-8081-exec-4] INFO  c.c.a.service.JwtUserDetailsService - user successfully located
2022-09-13_14-32-43 [http-nio-8081-exec-4] INFO  c.c.a.c.JwtAuthenticationController - Start JwtAuthenticationController
2022-09-13_14-32-43 [http-nio-8081-exec-4] INFO  c.c.a.c.JwtAuthenticationController -  Token accepted - End JwtAuthenticationController
2022-09-13_14-32-43 [http-nio-8081-exec-3] INFO  c.c.a.service.JwtUserDetailsService - User found
2022-09-13_14-32-43 [http-nio-8081-exec-3] INFO  c.c.a.service.JwtUserDetailsService - user successfully located
2022-09-13_14-32-43 [http-nio-8081-exec-3] INFO  c.c.a.c.JwtAuthenticationController - Start JwtAuthenticationController
2022-09-13_14-32-43 [http-nio-8081-exec-3] INFO  c.c.a.c.JwtAuthenticationController -  Token accepted - End JwtAuthenticationController
2022-09-13_14-32-43 [http-nio-8081-exec-6] INFO  c.c.a.service.JwtUserDetailsService - User found
2022-09-13_14-32-43 [http-nio-8081-exec-6] INFO  c.c.a.service.JwtUserDetailsService - user successfully located
2022-09-13_14-32-43 [http-nio-8081-exec-6] INFO  c.c.a.c.JwtAuthenticationController - Start JwtAuthenticationController
2022-09-13_14-32-43 [http-nio-8081-exec-6] INFO  c.c.a.c.JwtAuthenticationController -  Token accepted - End JwtAuthenticationController
2022-09-13_14-32-43 [http-nio-8081-exec-5] INFO  c.c.a.service.JwtUserDetailsService - User found
2022-09-13_14-32-43 [http-nio-8081-exec-5] INFO  c.c.a.service.JwtUserDetailsService - user successfully located
2022-09-13_14-32-43 [http-nio-8081-exec-5] INFO  c.c.a.c.JwtAuthenticationController - Start JwtAuthenticationController
2022-09-13_14-32-43 [http-nio-8081-exec-5] INFO  c.c.a.c.JwtAuthenticationController -  Token accepted - End JwtAuthenticationController
2022-09-14_07-26-49 [restartedMain] INFO  c.c.a.AuthorizatiionMicroserviceApplication - Starting AuthorizatiionMicroserviceApplication using Java 18.0.1.1 on DESKTOP-C4A347J with PID 14696 (C:\Users\Jobin\Documents\MFPE\Authorizatiion-Microservice\target\classes started by Jobin in C:\Users\Jobin\Documents\MFPE\Authorizatiion-Microservice)
2022-09-14_07-26-49 [restartedMain] INFO  c.c.a.AuthorizatiionMicroserviceApplication - No active profile set, falling back to default profiles: default
2022-09-14_07-26-49 [restartedMain] INFO  o.s.b.d.e.DevToolsPropertyDefaultsPostProcessor - Devtools property defaults active! Set 'spring.devtools.add-properties' to 'false' to disable
2022-09-14_07-26-49 [restartedMain] INFO  o.s.b.d.e.DevToolsPropertyDefaultsPostProcessor - For additional web related logging consider setting the 'logging.level.web' property to 'DEBUG'
2022-09-14_07-26-49 [restartedMain] INFO  o.s.d.r.c.RepositoryConfigurationDelegate - Bootstrapping Spring Data JPA repositories in DEFAULT mode.
2022-09-14_07-26-49 [restartedMain] INFO  o.s.d.r.c.RepositoryConfigurationDelegate - Finished Spring Data repository scanning in 1131 ms. Found 1 JPA repository interfaces.
2022-09-14_07-26-49 [restartedMain] INFO  o.s.cloud.context.scope.GenericScope - BeanFactory id=a9379344-1410-322d-92ae-f70e0aaaca86
2022-09-14_07-26-49 [restartedMain] INFO  o.s.b.w.e.tomcat.TomcatWebServer - Tomcat initialized with port(s): 8081 (http)
2022-09-14_07-26-49 [restartedMain] INFO  o.a.coyote.http11.Http11NioProtocol - Initializing ProtocolHandler ["http-nio-8081"]
2022-09-14_07-26-49 [restartedMain] INFO  o.a.catalina.core.StandardService - Starting service [Tomcat]
2022-09-14_07-26-49 [restartedMain] INFO  o.a.catalina.core.StandardEngine - Starting Servlet engine: [Apache Tomcat/9.0.41]
2022-09-14_07-26-49 [restartedMain] INFO  o.a.c.c.C.[.[.[/authorization-service] - Initializing Spring embedded WebApplicationContext
2022-09-14_07-26-49 [restartedMain] INFO  o.s.b.w.s.c.ServletWebServerApplicationContext - Root WebApplicationContext: initialization completed in 17545 ms
2022-09-14_07-26-49 [restartedMain] INFO  com.zaxxer.hikari.HikariDataSource - HikariPool-1 - Starting...
2022-09-14_07-26-49 [restartedMain] INFO  com.zaxxer.hikari.HikariDataSource - HikariPool-1 - Start completed.
2022-09-14_07-26-49 [restartedMain] INFO  o.s.b.a.h.H2ConsoleAutoConfiguration - H2 console available at '/db'. Database available at 'jdbc:h2:mem:testdb'
2022-09-14_07-26-49 [restartedMain] INFO  o.h.jpa.internal.util.LogHelper - HHH000204: Processing PersistenceUnitInfo [name: default]
2022-09-14_07-26-49 [restartedMain] INFO  org.hibernate.Version - HHH000412: Hibernate ORM core version 5.4.27.Final
2022-09-14_07-26-49 [restartedMain] INFO  o.h.annotations.common.Version - HCANN000001: Hibernate Commons Annotations {5.1.2.Final}
2022-09-14_07-26-49 [restartedMain] INFO  org.hibernate.dialect.Dialect - HHH000400: Using dialect: org.hibernate.dialect.H2Dialect
2022-09-14_07-26-49 [restartedMain] INFO  o.h.e.t.j.p.i.JtaPlatformInitiator - HHH000490: Using JtaPlatform implementation: [org.hibernate.engine.transaction.jta.platform.internal.NoJtaPlatform]
2022-09-14_07-26-49 [restartedMain] INFO  o.s.o.j.LocalContainerEntityManagerFactoryBean - Initialized JPA EntityManagerFactory for persistence unit 'default'
2022-09-14_07-26-49 [restartedMain] INFO  o.s.b.d.a.OptionalLiveReloadServer - LiveReload server is running on port 35729
2022-09-14_07-26-49 [restartedMain] INFO  o.s.s.web.DefaultSecurityFilterChain - Will secure any request with [org.springframework.security.web.context.request.async.WebAsyncManagerIntegrationFilter@5e2ca5de, org.springframework.security.web.context.SecurityContextPersistenceFilter@6cd1f91a, org.springframework.security.web.header.HeaderWriterFilter@2322cd3b, org.springframework.security.web.authentication.logout.LogoutFilter@7f7e2b91, com.cts.authorization.config.JwtRequestFilter@7875689c, org.springframework.security.web.savedrequest.RequestCacheAwareFilter@72edc48e, org.springframework.security.web.servletapi.SecurityContextHolderAwareRequestFilter@23c0f7a3, org.springframework.security.web.authentication.AnonymousAuthenticationFilter@3f64c363, org.springframework.security.web.session.SessionManagementFilter@74eacff7, org.springframework.security.web.access.ExceptionTranslationFilter@53553993, org.springframework.security.web.access.intercept.FilterSecurityInterceptor@3945cd72]
2022-09-14_07-26-49 [restartedMain] INFO  o.s.s.c.ThreadPoolTaskExecutor - Initializing ExecutorService 'applicationTaskExecutor'
2022-09-14_07-26-49 [restartedMain] INFO  o.a.coyote.http11.Http11NioProtocol - Starting ProtocolHandler ["http-nio-8081"]
2022-09-14_07-26-49 [restartedMain] INFO  o.s.b.w.e.tomcat.TomcatWebServer - Tomcat started on port(s): 8081 (http) with context path '/authorization-service'
2022-09-14_07-26-49 [restartedMain] INFO  c.c.a.AuthorizatiionMicroserviceApplication - Started AuthorizatiionMicroserviceApplication in 28.871 seconds (JVM running for 36.249)
2022-09-14_07-26-49 [http-nio-8081-exec-1] INFO  o.a.c.c.C.[.[.[/authorization-service] - Initializing Spring DispatcherServlet 'dispatcherServlet'
2022-09-14_07-26-49 [http-nio-8081-exec-1] INFO  o.s.web.servlet.DispatcherServlet - Initializing Servlet 'dispatcherServlet'
2022-09-14_07-26-49 [http-nio-8081-exec-1] INFO  o.s.web.servlet.DispatcherServlet - Completed initialization in 223 ms
2022-09-14_07-26-49 [http-nio-8081-exec-2] INFO  c.c.a.service.JwtUserDetailsService - User found
2022-09-14_07-26-49 [http-nio-8081-exec-2] INFO  c.c.a.service.JwtUserDetailsService - user successfully located
2022-09-14_07-26-49 [http-nio-8081-exec-2] INFO  c.c.a.service.JwtUserDetailsService - User found
2022-09-14_07-26-49 [http-nio-8081-exec-2] INFO  c.c.a.service.JwtUserDetailsService - user successfully located
2022-09-14_07-26-49 [http-nio-8081-exec-4] INFO  c.c.a.service.JwtUserDetailsService - User found
2022-09-14_07-26-49 [http-nio-8081-exec-4] INFO  c.c.a.service.JwtUserDetailsService - user successfully located
2022-09-14_07-26-49 [http-nio-8081-exec-4] INFO  c.c.a.c.JwtAuthenticationController - Start JwtAuthenticationController
2022-09-14_07-26-49 [http-nio-8081-exec-4] INFO  c.c.a.c.JwtAuthenticationController -  Token accepted - End JwtAuthenticationController
2022-09-14_07-26-49 [http-nio-8081-exec-6] INFO  c.c.a.service.JwtUserDetailsService - User found
2022-09-14_07-26-49 [http-nio-8081-exec-6] INFO  c.c.a.service.JwtUserDetailsService - user successfully located
2022-09-14_07-26-49 [http-nio-8081-exec-6] INFO  c.c.a.c.JwtAuthenticationController - Start JwtAuthenticationController
2022-09-14_07-26-49 [http-nio-8081-exec-6] INFO  c.c.a.c.JwtAuthenticationController -  Token accepted - End JwtAuthenticationController
2022-09-14_07-26-49 [http-nio-8081-exec-8] INFO  c.c.a.service.JwtUserDetailsService - User found
2022-09-14_07-26-49 [http-nio-8081-exec-8] INFO  c.c.a.service.JwtUserDetailsService - user successfully located
2022-09-14_07-26-49 [http-nio-8081-exec-8] INFO  c.c.a.c.JwtAuthenticationController - Start JwtAuthenticationController
2022-09-14_07-26-49 [http-nio-8081-exec-8] INFO  c.c.a.c.JwtAuthenticationController -  Token accepted - End JwtAuthenticationController
2022-09-14_07-26-49 [http-nio-8081-exec-10] INFO  c.c.a.service.JwtUserDetailsService - User found
2022-09-14_07-26-49 [http-nio-8081-exec-10] INFO  c.c.a.service.JwtUserDetailsService - user successfully located
2022-09-14_07-26-49 [http-nio-8081-exec-10] INFO  c.c.a.c.JwtAuthenticationController - Start JwtAuthenticationController
2022-09-14_07-26-49 [http-nio-8081-exec-10] INFO  c.c.a.c.JwtAuthenticationController -  Token accepted - End JwtAuthenticationController
2022-09-14_07-26-49 [http-nio-8081-exec-2] INFO  c.c.a.service.JwtUserDetailsService - User found
2022-09-14_07-26-49 [http-nio-8081-exec-2] INFO  c.c.a.service.JwtUserDetailsService - user successfully located
2022-09-14_07-26-49 [http-nio-8081-exec-2] INFO  c.c.a.c.JwtAuthenticationController - Start JwtAuthenticationController
2022-09-14_07-26-49 [http-nio-8081-exec-2] INFO  c.c.a.c.JwtAuthenticationController -  Token accepted - End JwtAuthenticationController
2022-09-14_07-26-49 [http-nio-8081-exec-3] INFO  c.c.a.service.JwtUserDetailsService - User found
2022-09-14_07-26-49 [http-nio-8081-exec-3] INFO  c.c.a.service.JwtUserDetailsService - user successfully located
2022-09-14_07-26-49 [http-nio-8081-exec-3] INFO  c.c.a.c.JwtAuthenticationController - Start JwtAuthenticationController
2022-09-14_07-26-49 [http-nio-8081-exec-3] INFO  c.c.a.c.JwtAuthenticationController -  Token accepted - End JwtAuthenticationController
2022-09-14_07-26-49 [http-nio-8081-exec-4] INFO  c.c.a.service.JwtUserDetailsService - User found
2022-09-14_07-26-49 [http-nio-8081-exec-4] INFO  c.c.a.service.JwtUserDetailsService - user successfully located
2022-09-14_07-26-49 [http-nio-8081-exec-4] INFO  c.c.a.c.JwtAuthenticationController - Start JwtAuthenticationController
2022-09-14_07-26-49 [http-nio-8081-exec-4] INFO  c.c.a.c.JwtAuthenticationController -  Token accepted - End JwtAuthenticationController
2022-09-14_07-26-49 [http-nio-8081-exec-5] INFO  c.c.a.service.JwtUserDetailsService - User found
2022-09-14_07-26-49 [http-nio-8081-exec-5] INFO  c.c.a.service.JwtUserDetailsService - user successfully located
2022-09-14_07-26-49 [http-nio-8081-exec-5] INFO  c.c.a.c.JwtAuthenticationController - Start JwtAuthenticationController
2022-09-14_07-26-49 [http-nio-8081-exec-5] INFO  c.c.a.c.JwtAuthenticationController -  Token accepted - End JwtAuthenticationController
2022-09-14_07-26-49 [http-nio-8081-exec-7] INFO  c.c.a.c.JwtAuthenticationController - Start JwtAuthenticationController
2022-09-14_07-26-49 [http-nio-8081-exec-7] INFO  c.c.a.c.JwtAuthenticationController - Null Token - End JwtAuthenticationController
2022-09-14_07-26-49 [http-nio-8081-exec-9] INFO  c.c.a.service.JwtUserDetailsService - User found
2022-09-14_07-26-49 [http-nio-8081-exec-9] INFO  c.c.a.service.JwtUserDetailsService - user successfully located
2022-09-14_07-26-49 [http-nio-8081-exec-9] INFO  c.c.a.service.JwtUserDetailsService - User found
2022-09-14_07-26-49 [http-nio-8081-exec-9] INFO  c.c.a.service.JwtUserDetailsService - user successfully located
2022-09-14_07-26-49 [http-nio-8081-exec-1] INFO  c.c.a.service.JwtUserDetailsService - User found
2022-09-14_07-26-49 [http-nio-8081-exec-1] INFO  c.c.a.service.JwtUserDetailsService - user successfully located
2022-09-14_07-26-49 [http-nio-8081-exec-1] INFO  c.c.a.c.JwtAuthenticationController - Start JwtAuthenticationController
2022-09-14_07-26-49 [http-nio-8081-exec-1] INFO  c.c.a.c.JwtAuthenticationController -  Token accepted - End JwtAuthenticationController
2022-09-14_07-26-49 [http-nio-8081-exec-2] INFO  c.c.a.service.JwtUserDetailsService - User found
2022-09-14_07-26-49 [http-nio-8081-exec-2] INFO  c.c.a.service.JwtUserDetailsService - user successfully located
2022-09-14_07-26-49 [http-nio-8081-exec-2] INFO  c.c.a.c.JwtAuthenticationController - Start JwtAuthenticationController
2022-09-14_07-26-49 [http-nio-8081-exec-2] INFO  c.c.a.c.JwtAuthenticationController -  Token accepted - End JwtAuthenticationController
2022-09-14_07-26-49 [http-nio-8081-exec-4] INFO  c.c.a.c.JwtAuthenticationController - Start JwtAuthenticationController
2022-09-14_07-26-49 [http-nio-8081-exec-4] INFO  c.c.a.c.JwtAuthenticationController - Null Token - End JwtAuthenticationController
2022-09-14_07-26-49 [http-nio-8081-exec-6] INFO  c.c.a.service.JwtUserDetailsService - User found
2022-09-14_07-26-49 [http-nio-8081-exec-6] INFO  c.c.a.service.JwtUserDetailsService - user successfully located
2022-09-14_07-26-49 [http-nio-8081-exec-6] INFO  c.c.a.service.JwtUserDetailsService - User found
2022-09-14_07-26-49 [http-nio-8081-exec-6] INFO  c.c.a.service.JwtUserDetailsService - user successfully located
2022-09-14_07-26-49 [http-nio-8081-exec-8] INFO  c.c.a.service.JwtUserDetailsService - User found
2022-09-14_07-26-49 [http-nio-8081-exec-8] INFO  c.c.a.service.JwtUserDetailsService - user successfully located
2022-09-14_07-26-49 [http-nio-8081-exec-8] INFO  c.c.a.c.JwtAuthenticationController - Start JwtAuthenticationController
2022-09-14_07-26-49 [http-nio-8081-exec-8] INFO  c.c.a.c.JwtAuthenticationController -  Token accepted - End JwtAuthenticationController
2022-09-14_07-26-49 [http-nio-8081-exec-9] INFO  c.c.a.service.JwtUserDetailsService - User found
2022-09-14_07-26-49 [http-nio-8081-exec-9] INFO  c.c.a.service.JwtUserDetailsService - user successfully located
2022-09-14_07-26-49 [http-nio-8081-exec-9] INFO  c.c.a.c.JwtAuthenticationController - Start JwtAuthenticationController
2022-09-14_07-26-49 [http-nio-8081-exec-9] INFO  c.c.a.c.JwtAuthenticationController -  Token accepted - End JwtAuthenticationController
2022-09-14_07-26-49 [http-nio-8081-exec-10] INFO  c.c.a.service.JwtUserDetailsService - User found
2022-09-14_07-26-49 [http-nio-8081-exec-10] INFO  c.c.a.service.JwtUserDetailsService - user successfully located
2022-09-14_07-26-49 [http-nio-8081-exec-10] INFO  c.c.a.c.JwtAuthenticationController - Start JwtAuthenticationController
2022-09-14_07-26-49 [http-nio-8081-exec-10] INFO  c.c.a.c.JwtAuthenticationController -  Token accepted - End JwtAuthenticationController
2022-09-14_07-26-49 [http-nio-8081-exec-1] INFO  c.c.a.service.JwtUserDetailsService - User found
2022-09-14_07-26-49 [http-nio-8081-exec-1] INFO  c.c.a.service.JwtUserDetailsService - user successfully located
2022-09-14_07-26-49 [http-nio-8081-exec-1] INFO  c.c.a.c.JwtAuthenticationController - Start JwtAuthenticationController
2022-09-14_07-26-49 [http-nio-8081-exec-1] INFO  c.c.a.c.JwtAuthenticationController -  Token accepted - End JwtAuthenticationController
2022-09-14_07-26-49 [http-nio-8081-exec-3] INFO  c.c.a.c.JwtAuthenticationController - Start JwtAuthenticationController
2022-09-14_07-26-49 [http-nio-8081-exec-3] INFO  c.c.a.c.JwtAuthenticationController - Null Token - End JwtAuthenticationController
2022-09-14_07-26-49 [http-nio-8081-exec-5] INFO  c.c.a.service.JwtUserDetailsService - User found
2022-09-14_07-26-49 [http-nio-8081-exec-5] INFO  c.c.a.service.JwtUserDetailsService - user successfully located
2022-09-14_07-26-49 [http-nio-8081-exec-5] INFO  c.c.a.service.JwtUserDetailsService - User found
2022-09-14_07-26-49 [http-nio-8081-exec-5] INFO  c.c.a.service.JwtUserDetailsService - user successfully located
2022-09-14_07-26-49 [http-nio-8081-exec-7] INFO  c.c.a.service.JwtUserDetailsService - User found
2022-09-14_07-26-49 [http-nio-8081-exec-7] INFO  c.c.a.service.JwtUserDetailsService - user successfully located
2022-09-14_07-26-49 [http-nio-8081-exec-7] INFO  c.c.a.c.JwtAuthenticationController - Start JwtAuthenticationController
2022-09-14_07-26-49 [http-nio-8081-exec-7] INFO  c.c.a.c.JwtAuthenticationController -  Token accepted - End JwtAuthenticationController
2022-09-14_07-26-49 [http-nio-8081-exec-9] INFO  c.c.a.service.JwtUserDetailsService - User found
2022-09-14_07-26-49 [http-nio-8081-exec-9] INFO  c.c.a.service.JwtUserDetailsService - user successfully located
2022-09-14_07-26-49 [http-nio-8081-exec-9] INFO  c.c.a.c.JwtAuthenticationController - Start JwtAuthenticationController
2022-09-14_07-26-49 [http-nio-8081-exec-9] INFO  c.c.a.c.JwtAuthenticationController -  Token accepted - End JwtAuthenticationController
2022-09-14_07-26-49 [http-nio-8081-exec-1] INFO  c.c.a.service.JwtUserDetailsService - User found
2022-09-14_07-26-49 [http-nio-8081-exec-1] INFO  c.c.a.service.JwtUserDetailsService - user successfully located
2022-09-14_07-26-49 [http-nio-8081-exec-1] INFO  c.c.a.c.JwtAuthenticationController - Start JwtAuthenticationController
2022-09-14_07-26-49 [http-nio-8081-exec-1] INFO  c.c.a.c.JwtAuthenticationController -  Token accepted - End JwtAuthenticationController
2022-09-14_07-26-49 [http-nio-8081-exec-3] INFO  c.c.a.service.JwtUserDetailsService - User found
2022-09-14_07-26-49 [http-nio-8081-exec-3] INFO  c.c.a.service.JwtUserDetailsService - user successfully located
2022-09-14_07-26-49 [http-nio-8081-exec-3] INFO  c.c.a.c.JwtAuthenticationController - Start JwtAuthenticationController
2022-09-14_07-26-49 [http-nio-8081-exec-3] INFO  c.c.a.c.JwtAuthenticationController -  Token accepted - End JwtAuthenticationController
2022-09-14_07-26-49 [http-nio-8081-exec-5] INFO  c.c.a.service.JwtUserDetailsService - User found
2022-09-14_07-26-49 [http-nio-8081-exec-5] INFO  c.c.a.service.JwtUserDetailsService - user successfully located
2022-09-14_07-26-49 [http-nio-8081-exec-5] INFO  c.c.a.c.JwtAuthenticationController - Start JwtAuthenticationController
2022-09-14_07-26-49 [http-nio-8081-exec-5] INFO  c.c.a.c.JwtAuthenticationController -  Token accepted - End JwtAuthenticationController
2022-09-14_07-26-49 [http-nio-8081-exec-6] INFO  c.c.a.service.JwtUserDetailsService - User found
2022-09-14_07-26-49 [http-nio-8081-exec-6] INFO  c.c.a.service.JwtUserDetailsService - user successfully located
2022-09-14_07-26-49 [http-nio-8081-exec-6] INFO  c.c.a.c.JwtAuthenticationController - Start JwtAuthenticationController
2022-09-14_07-26-49 [http-nio-8081-exec-6] INFO  c.c.a.c.JwtAuthenticationController -  Token accepted - End JwtAuthenticationController
2022-09-14_07-26-49 [http-nio-8081-exec-7] INFO  c.c.a.service.JwtUserDetailsService - User found
2022-09-14_07-26-49 [http-nio-8081-exec-7] INFO  c.c.a.service.JwtUserDetailsService - user successfully located
2022-09-14_07-26-49 [http-nio-8081-exec-7] INFO  c.c.a.c.JwtAuthenticationController - Start JwtAuthenticationController
2022-09-14_07-26-49 [http-nio-8081-exec-7] INFO  c.c.a.c.JwtAuthenticationController -  Token accepted - End JwtAuthenticationController
2022-09-14_07-26-49 [http-nio-8081-exec-9] INFO  c.c.a.service.JwtUserDetailsService - User found
2022-09-14_07-26-49 [http-nio-8081-exec-9] INFO  c.c.a.service.JwtUserDetailsService - user successfully located
2022-09-14_07-26-49 [http-nio-8081-exec-9] INFO  c.c.a.c.JwtAuthenticationController - Start JwtAuthenticationController
2022-09-14_07-26-49 [http-nio-8081-exec-9] INFO  c.c.a.c.JwtAuthenticationController -  Token accepted - End JwtAuthenticationController
2022-09-14_07-26-49 [http-nio-8081-exec-1] INFO  c.c.a.service.JwtUserDetailsService - User found
2022-09-14_07-26-49 [http-nio-8081-exec-1] INFO  c.c.a.service.JwtUserDetailsService - user successfully located
2022-09-14_07-26-49 [http-nio-8081-exec-1] INFO  c.c.a.c.JwtAuthenticationController - Start JwtAuthenticationController
2022-09-14_07-26-49 [http-nio-8081-exec-1] INFO  c.c.a.c.JwtAuthenticationController -  Token accepted - End JwtAuthenticationController
2022-09-14_07-26-49 [http-nio-8081-exec-3] INFO  c.c.a.service.JwtUserDetailsService - User found
2022-09-14_07-26-49 [http-nio-8081-exec-3] INFO  c.c.a.service.JwtUserDetailsService - user successfully located
2022-09-14_07-26-49 [http-nio-8081-exec-3] INFO  c.c.a.c.JwtAuthenticationController - Start JwtAuthenticationController
2022-09-14_07-26-49 [http-nio-8081-exec-3] INFO  c.c.a.c.JwtAuthenticationController -  Token accepted - End JwtAuthenticationController
2022-09-14_07-26-49 [http-nio-8081-exec-4] INFO  c.c.a.service.JwtUserDetailsService - User found
2022-09-14_07-26-49 [http-nio-8081-exec-4] INFO  c.c.a.service.JwtUserDetailsService - user successfully located
2022-09-14_07-26-49 [http-nio-8081-exec-4] INFO  c.c.a.c.JwtAuthenticationController - Start JwtAuthenticationController
2022-09-14_07-26-49 [http-nio-8081-exec-4] INFO  c.c.a.c.JwtAuthenticationController -  Token accepted - End JwtAuthenticationController
2022-09-14_07-26-49 [http-nio-8081-exec-5] INFO  c.c.a.service.JwtUserDetailsService - User found
2022-09-14_07-26-49 [http-nio-8081-exec-5] INFO  c.c.a.service.JwtUserDetailsService - user successfully located
2022-09-14_07-26-49 [http-nio-8081-exec-5] INFO  c.c.a.c.JwtAuthenticationController - Start JwtAuthenticationController
2022-09-14_07-26-49 [http-nio-8081-exec-5] INFO  c.c.a.c.JwtAuthenticationController -  Token accepted - End JwtAuthenticationController
2022-09-14_07-26-49 [http-nio-8081-exec-7] INFO  c.c.a.service.JwtUserDetailsService - User found
2022-09-14_07-26-49 [http-nio-8081-exec-7] INFO  c.c.a.service.JwtUserDetailsService - user successfully located
2022-09-14_07-26-49 [http-nio-8081-exec-7] INFO  c.c.a.service.JwtUserDetailsService - User found
2022-09-14_07-26-49 [http-nio-8081-exec-7] INFO  c.c.a.service.JwtUserDetailsService - user successfully located
2022-09-14_07-26-49 [http-nio-8081-exec-9] INFO  c.c.a.service.JwtUserDetailsService - User found
2022-09-14_07-26-49 [http-nio-8081-exec-9] INFO  c.c.a.service.JwtUserDetailsService - user successfully located
2022-09-14_07-26-49 [http-nio-8081-exec-9] INFO  c.c.a.service.JwtUserDetailsService - User found
2022-09-14_07-26-49 [http-nio-8081-exec-9] INFO  c.c.a.service.JwtUserDetailsService - user successfully located
2022-09-14_07-26-49 [http-nio-8081-exec-2] INFO  c.c.a.service.JwtUserDetailsService - User found
2022-09-14_07-26-49 [http-nio-8081-exec-2] INFO  c.c.a.service.JwtUserDetailsService - user successfully located
2022-09-14_07-26-49 [http-nio-8081-exec-2] INFO  c.c.a.c.JwtAuthenticationController - Start JwtAuthenticationController
2022-09-14_07-26-49 [http-nio-8081-exec-2] INFO  c.c.a.c.JwtAuthenticationController -  Token accepted - End JwtAuthenticationController
2022-09-14_07-26-49 [http-nio-8081-exec-3] INFO  c.c.a.service.JwtUserDetailsService - User found
2022-09-14_07-26-49 [http-nio-8081-exec-3] INFO  c.c.a.service.JwtUserDetailsService - user successfully located
2022-09-14_07-26-49 [http-nio-8081-exec-3] INFO  c.c.a.c.JwtAuthenticationController - Start JwtAuthenticationController
2022-09-14_07-26-49 [http-nio-8081-exec-3] INFO  c.c.a.c.JwtAuthenticationController -  Token accepted - End JwtAuthenticationController
2022-09-14_07-26-49 [http-nio-8081-exec-4] INFO  c.c.a.service.JwtUserDetailsService - User found
2022-09-14_07-26-49 [http-nio-8081-exec-4] INFO  c.c.a.service.JwtUserDetailsService - user successfully located
2022-09-14_07-26-49 [http-nio-8081-exec-4] INFO  c.c.a.c.JwtAuthenticationController - Start JwtAuthenticationController
2022-09-14_07-26-49 [http-nio-8081-exec-4] INFO  c.c.a.c.JwtAuthenticationController -  Token accepted - End JwtAuthenticationController
2022-09-14_07-26-49 [http-nio-8081-exec-5] INFO  c.c.a.service.JwtUserDetailsService - User found
2022-09-14_07-26-49 [http-nio-8081-exec-5] INFO  c.c.a.service.JwtUserDetailsService - user successfully located
2022-09-14_07-26-49 [http-nio-8081-exec-5] INFO  c.c.a.c.JwtAuthenticationController - Start JwtAuthenticationController
2022-09-14_07-26-49 [http-nio-8081-exec-5] INFO  c.c.a.c.JwtAuthenticationController -  Token accepted - End JwtAuthenticationController
2022-09-14_07-26-49 [http-nio-8081-exec-6] INFO  c.c.a.service.JwtUserDetailsService - User found
2022-09-14_07-26-49 [http-nio-8081-exec-6] INFO  c.c.a.service.JwtUserDetailsService - user successfully located
2022-09-14_07-26-49 [http-nio-8081-exec-6] INFO  c.c.a.c.JwtAuthenticationController - Start JwtAuthenticationController
2022-09-14_07-26-49 [http-nio-8081-exec-6] INFO  c.c.a.c.JwtAuthenticationController -  Token accepted - End JwtAuthenticationController
